2019-10-20 15:08:41,152 - root - INFO - aaaa
2019-10-20 16:21:54,906 - root - INFO - 登录成功
2019-10-20 16:21:55,878 - jd.comment - INFO - 获取未评价订单数: 20
2019-10-20 16:22:22,883 - root - INFO - 登录成功
2019-10-20 16:22:23,301 - jd.comment - INFO - 获取未评价订单数: 20
2019-10-20 16:22:56,649 - root - INFO - 登录成功
2019-10-20 16:22:57,087 - jd.comment - INFO - 获取未评价订单数: 20
2019-10-20 16:22:57,271 - root - INFO - 【服务评价成功】 订单id: 105848863355, 商品id: 100002580124
2019-10-20 16:23:02,505 - root - INFO - 【服务评价成功】 订单id: 105250476642, 商品id: 6963418
2019-10-20 16:25:01,391 - root - INFO - 登录成功
2019-10-20 16:25:01,821 - jd.comment - INFO - 获取未评价订单数: 20
2019-10-20 16:25:02,012 - root - INFO - 【服务评价成功】 订单id: 105867938712, 商品id: 100002580124
2019-10-20 16:25:07,220 - root - INFO - 【服务评价成功】 订单id: 105256707564, 商品id: 8615274
2019-10-20 16:25:12,426 - root - INFO - 【服务评价成功】 订单id: 105846943227, 商品id: 100008494476
2019-10-20 16:25:34,908 - root - INFO - 登录成功
2019-10-20 16:25:35,317 - jd.comment - INFO - 获取未评价订单数: 20
2019-10-20 16:25:35,514 - root - INFO - 【服务评价成功】 订单id: 105862099228, 商品id: 100002580124
2019-10-20 16:25:40,710 - root - INFO - 【服务评价成功】 订单id: 105845685659, 商品id: 8172248
2019-10-20 16:27:06,481 - root - INFO - 登录成功
2019-10-20 16:27:06,899 - jd.comment - INFO - 获取未评价订单数: 20
2019-10-20 16:27:07,078 - jd.comment - INFO - 【服务评价成功】 订单id: 105852773393, 商品id: 7586379
2019-10-20 16:27:14,429 - jd.comment - INFO - 【服务评价成功】 订单id: 105245663851, 商品id: 100004169714
2019-10-20 16:27:19,801 - jd.comment - INFO - 安装服务评价成功, 订单号:104640953952
2019-10-20 16:27:19,801 - jd.comment - INFO - 【服务评价成功】 订单id: 104640953952, 商品id: 100003481172
2019-10-20 16:27:24,999 - jd.comment - INFO - 【服务评价成功】 订单id: 105246148485, 商品id: 100004188730
2019-10-20 16:27:30,184 - jd.comment - INFO - 【服务评价成功】 订单id: 105850585652, 商品id: 100004188730
2019-10-20 16:27:35,390 - jd.comment - INFO - 【服务评价成功】 订单id: 105246507565, 商品id: 100004188730
2019-10-20 16:44:51,019 - root - INFO - 服务评价评价完成
